<?xml version="1.0" encoding="UTF-8"?>
<!-- Generated by org.testng.reporters.JUnitXMLReporter -->
<testsuite ignored="0" hostname="DESKTOP-FGSNC6I" failures="7" tests="10" name="TestAddtoCart" time="111.362" errors="0" timestamp="2025-08-22T19:56:04 IST">
  <testcase classname="com.DemoWebShop.Cart.CartTest" name="confirmMessage" time="6.766"/>
  <testcase classname="com.DemoWebShop.Cart.CartTest" name="productConfirmationInCartAddFromMainWindow" time="5.988"/>
  <testcase classname="com.DemoWebShop.Cart.CartTest" name="productConfirmationInCartAddFromEachProductWindow" time="28.417"/>
  <testcase classname="com.DemoWebShop.Cart.CartTest" name="inCartQuantityValueChange" time="20.084">
    <failure type="java.lang.AssertionError" message="expected [60.00] but found [10.00]">
      <![CDATA[java.lang.AssertionError: expected [60.00] but found [10.00]
at com.DemoWebShop.Cart.CartPOM.inCartChangeOfQuantityCheckAssertProduct(CartPOM.java:379)
at com.DemoWebShop.Cart.CartTest.inCartQuantityValueChange(CartTest.java:121)
at java.base/java.util.ArrayList.forEach(ArrayList.java:1596)
... Removed 31 stack frames]]>
    </failure>
  </testcase> <!-- inCartQuantityValueChange -->
  <testcase classname="com.DemoWebShop.Cart.CartTest" name="couponFieldLeftBlank" time="5.016">
    <failure type="java.lang.IndexOutOfBoundsException" message="Index 0 out of bounds for length 0">
      <![CDATA[java.lang.IndexOutOfBoundsException: Index 0 out of bounds for length 0
at java.base/jdk.internal.util.Preconditions.outOfBounds(Preconditions.java:100)
at java.base/jdk.internal.util.Preconditions.outOfBoundsCheckIndex(Preconditions.java:106)
at java.base/jdk.internal.util.Preconditions.checkIndex(Preconditions.java:302)
at java.base/java.util.Objects.checkIndex(Objects.java:385)
at java.base/java.util.ArrayList.get(ArrayList.java:427)
at org.openqa.selenium.support.pagefactory.internal.LocatingElementListHandler.invoke(LocatingElementListHandler.java:39)
at jdk.proxy2/jdk.proxy2.$Proxy14.get(Unknown Source)
at com.DemoWebShop.Cart.CartPOM.clickAddtoCartButton(CartPOM.java:235)
at com.DemoWebShop.Cart.CartTest.couponFieldLeftBlank(CartTest.java:138)
at java.base/java.util.ArrayList.forEach(ArrayList.java:1596)
... Removed 27 stack frames]]>
    </failure>
  </testcase> <!-- couponFieldLeftBlank -->
  <testcase classname="com.DemoWebShop.Cart.CartTest" name="invalidcouponField" time="5.031">
    <failure type="java.lang.IndexOutOfBoundsException" message="Index 0 out of bounds for length 0">
      <![CDATA[java.lang.IndexOutOfBoundsException: Index 0 out of bounds for length 0
at java.base/jdk.internal.util.Preconditions.outOfBounds(Preconditions.java:100)
at java.base/jdk.internal.util.Preconditions.outOfBoundsCheckIndex(Preconditions.java:106)
at java.base/jdk.internal.util.Preconditions.checkIndex(Preconditions.java:302)
at java.base/java.util.Objects.checkIndex(Objects.java:385)
at java.base/java.util.ArrayList.get(ArrayList.java:427)
at org.openqa.selenium.support.pagefactory.internal.LocatingElementListHandler.invoke(LocatingElementListHandler.java:39)
at jdk.proxy2/jdk.proxy2.$Proxy14.get(Unknown Source)
at com.DemoWebShop.Cart.CartPOM.clickAddtoCartButton(CartPOM.java:235)
at com.DemoWebShop.Cart.CartTest.invalidcouponField(CartTest.java:163)
at java.base/java.util.ArrayList.forEach(ArrayList.java:1596)
... Removed 27 stack frames]]>
    </failure>
  </testcase> <!-- invalidcouponField -->
  <testcase classname="com.DemoWebShop.Cart.CartTest" name="giftCardFieldBlank" time="5.024">
    <failure type="java.lang.IndexOutOfBoundsException" message="Index 0 out of bounds for length 0">
      <![CDATA[java.lang.IndexOutOfBoundsException: Index 0 out of bounds for length 0
at java.base/jdk.internal.util.Preconditions.outOfBounds(Preconditions.java:100)
at java.base/jdk.internal.util.Preconditions.outOfBoundsCheckIndex(Preconditions.java:106)
at java.base/jdk.internal.util.Preconditions.checkIndex(Preconditions.java:302)
at java.base/java.util.Objects.checkIndex(Objects.java:385)
at java.base/java.util.ArrayList.get(ArrayList.java:427)
at org.openqa.selenium.support.pagefactory.internal.LocatingElementListHandler.invoke(LocatingElementListHandler.java:39)
at jdk.proxy2/jdk.proxy2.$Proxy14.get(Unknown Source)
at com.DemoWebShop.Cart.CartPOM.clickAddtoCartButton(CartPOM.java:235)
at com.DemoWebShop.Cart.CartTest.giftCardFieldBlank(CartTest.java:188)
at java.base/java.util.ArrayList.forEach(ArrayList.java:1596)
... Removed 27 stack frames]]>
    </failure>
  </testcase> <!-- giftCardFieldBlank -->
  <testcase classname="com.DemoWebShop.Cart.CartTest" name="invalidGiftCardField" time="5.033">
    <failure type="java.lang.IndexOutOfBoundsException" message="Index 0 out of bounds for length 0">
      <![CDATA[java.lang.IndexOutOfBoundsException: Index 0 out of bounds for length 0
at java.base/jdk.internal.util.Preconditions.outOfBounds(Preconditions.java:100)
at java.base/jdk.internal.util.Preconditions.outOfBoundsCheckIndex(Preconditions.java:106)
at java.base/jdk.internal.util.Preconditions.checkIndex(Preconditions.java:302)
at java.base/java.util.Objects.checkIndex(Objects.java:385)
at java.base/java.util.ArrayList.get(ArrayList.java:427)
at org.openqa.selenium.support.pagefactory.internal.LocatingElementListHandler.invoke(LocatingElementListHandler.java:39)
at jdk.proxy2/jdk.proxy2.$Proxy14.get(Unknown Source)
at com.DemoWebShop.Cart.CartPOM.clickAddtoCartButton(CartPOM.java:235)
at com.DemoWebShop.Cart.CartTest.invalidGiftCardField(CartTest.java:214)
at java.base/java.util.ArrayList.forEach(ArrayList.java:1596)
... Removed 27 stack frames]]>
    </failure>
  </testcase> <!-- invalidGiftCardField -->
  <testcase classname="com.DemoWebShop.Cart.CartTest" name="subTotalCheck" time="5.03">
    <failure type="java.lang.IndexOutOfBoundsException" message="Index 0 out of bounds for length 0">
      <![CDATA[java.lang.IndexOutOfBoundsException: Index 0 out of bounds for length 0
at java.base/jdk.internal.util.Preconditions.outOfBounds(Preconditions.java:100)
at java.base/jdk.internal.util.Preconditions.outOfBoundsCheckIndex(Preconditions.java:106)
at java.base/jdk.internal.util.Preconditions.checkIndex(Preconditions.java:302)
at java.base/java.util.Objects.checkIndex(Objects.java:385)
at java.base/java.util.ArrayList.get(ArrayList.java:427)
at org.openqa.selenium.support.pagefactory.internal.LocatingElementListHandler.invoke(LocatingElementListHandler.java:39)
at jdk.proxy2/jdk.proxy2.$Proxy14.get(Unknown Source)
at com.DemoWebShop.Cart.CartPOM.clickAddtoCartButton(CartPOM.java:235)
at com.DemoWebShop.Cart.CartTest.subTotalCheck(CartTest.java:238)
at java.base/java.util.ArrayList.forEach(ArrayList.java:1596)
... Removed 27 stack frames]]>
    </failure>
  </testcase> <!-- subTotalCheck -->
  <testcase classname="com.DemoWebShop.Cart.CartTest" name="checkTermOfService" time="5.021">
    <failure type="java.lang.IndexOutOfBoundsException" message="Index 0 out of bounds for length 0">
      <![CDATA[java.lang.IndexOutOfBoundsException: Index 0 out of bounds for length 0
at java.base/jdk.internal.util.Preconditions.outOfBounds(Preconditions.java:100)
at java.base/jdk.internal.util.Preconditions.outOfBoundsCheckIndex(Preconditions.java:106)
at java.base/jdk.internal.util.Preconditions.checkIndex(Preconditions.java:302)
at java.base/java.util.Objects.checkIndex(Objects.java:385)
at java.base/java.util.ArrayList.get(ArrayList.java:427)
at org.openqa.selenium.support.pagefactory.internal.LocatingElementListHandler.invoke(LocatingElementListHandler.java:39)
at jdk.proxy2/jdk.proxy2.$Proxy14.get(Unknown Source)
at com.DemoWebShop.Cart.CartPOM.clickAddtoCartButton(CartPOM.java:235)
at com.DemoWebShop.Cart.CartTest.checkTermOfService(CartTest.java:261)
at java.base/java.util.ArrayList.forEach(ArrayList.java:1596)
... Removed 27 stack frames]]>
    </failure>
  </testcase> <!-- checkTermOfService -->
</testsuite> <!-- TestAddtoCart -->
