<?xml version="1.0" encoding="UTF-8"?>
<!-- Generated by org.testng.reporters.JUnitXMLReporter -->
<testsuite ignored="0" hostname="DESKTOP-FGSNC6I" failures="0" tests="4" name="TestPasswordRecovery" time="9.491" errors="0" timestamp="2025-08-22T19:53:46 IST">
  <testcase classname="com.DemoWebShop.PasswordRecovery.PasswordRecovery" name="fieldBlank" time="0.16"/>
  <testcase classname="com.DemoWebShop.PasswordRecovery.PasswordRecovery" name="unregisteredEmail" time="1.38"/>
  <testcase classname="com.DemoWebShop.PasswordRecovery.PasswordRecovery" name="invalidFormatedEmail" time="0.483"/>
  <testcase classname="com.DemoWebShop.PasswordRecovery.PasswordRecovery" name="validEmail" time="1.633"/>
</testsuite> <!-- TestPasswordRecovery -->
