<?xml version="1.0" encoding="UTF-8"?>
<!-- Generated by org.testng.reporters.JUnitXMLReporter -->
<testsuite ignored="0" hostname="DESKTOP-FGSNC6I" failures="0" tests="9" name="TestRegistration" time="58.009" errors="0" timestamp="2025-08-23T21:54:20 IST">
  <testcase classname="com.DemoWebShop.Registration.RegistrationPage" name="allMandatoryField" time="0.485"/>
  <testcase classname="com.DemoWebShop.Registration.RegistrationPage" name="invalidEmailFormat" time="1.423"/>
  <testcase classname="com.DemoWebShop.Registration.RegistrationPage" name="lesserPasswordThanSix" time="1.307"/>
  <testcase classname="com.DemoWebShop.Registration.RegistrationPage" name="misMatchPasswordAndConfirmPassword" time="1.308"/>
  <testcase classname="com.DemoWebShop.Registration.RegistrationPage" name="enteringRegisteredEmail" time="2.354"/>
  <testcase classname="com.DemoWebShop.Registration.RegistrationPage" name="invalidFirstName" time="0.746"/>
  <testcase classname="com.DemoWebShop.Registration.RegistrationPage" name="invalidLastName" time="0.817"/>
  <testcase classname="com.DemoWebShop.Registration.RegistrationPage" name="invalidPasswordFormat" time="0.814"/>
  <testcase classname="com.DemoWebShop.Registration.RegistrationPage" name="allValidEntry" time="0.799"/>
</testsuite> <!-- TestRegistration -->
