<?xml version="1.0" encoding="UTF-8"?>
<!-- Generated by org.testng.reporters.JUnitXMLReporter -->
<testsuite ignored="0" hostname="DESKTOP-FGSNC6I" failures="0" tests="10" name="Default test" time="234.023" errors="0" timestamp="2025-08-22T20:10:44 IST">
  <testcase classname="com.DemoWebShop.Cart.CartTest" name="confirmMessage" time="5.333"/>
  <testcase classname="com.DemoWebShop.Cart.CartTest" name="productConfirmationInCartAddFromMainWindow" time="6.961"/>
  <testcase classname="com.DemoWebShop.Cart.CartTest" name="productConfirmationInCartAddFromEachProductWindow" time="26.925"/>
  <testcase classname="com.DemoWebShop.Cart.CartTest" name="inCartQuantityValueChange" time="24.888"/>
  <testcase classname="com.DemoWebShop.Cart.CartTest" name="couponFieldLeftBlank" time="10.316"/>
  <testcase classname="com.DemoWebShop.Cart.CartTest" name="invalidcouponField" time="25.441"/>
  <testcase classname="com.DemoWebShop.Cart.CartTest" name="giftCardFieldBlank" time="15.274"/>
  <testcase classname="com.DemoWebShop.Cart.CartTest" name="invalidGiftCardField" time="33.527"/>
  <testcase classname="com.DemoWebShop.Cart.CartTest" name="subTotalCheck" time="41.286"/>
  <testcase classname="com.DemoWebShop.Cart.CartTest" name="checkTermOfService" time="7.153"/>
</testsuite> <!-- Default test -->
