<?xml version="1.0" encoding="UTF-8"?>
<!-- Generated by org.testng.reporters.JUnitXMLReporter -->
<testsuite ignored="0" hostname="DESKTOP-FGSNC6I" failures="0" tests="9" name="Default test" time="23.367" errors="0" timestamp="2025-08-30T21:40:54 IST">
  <testcase classname="com.DemoWebShop.Registration.RegistrationPage" name="allMandatoryField" time="0.958"/>
  <testcase classname="com.DemoWebShop.Registration.RegistrationPage" name="invalidEmailFormat" time="1.973"/>
  <testcase classname="com.DemoWebShop.Registration.RegistrationPage" name="lesserPasswordThanSix" time="1.804"/>
  <testcase classname="com.DemoWebShop.Registration.RegistrationPage" name="misMatchPasswordAndConfirmPassword" time="1.916"/>
  <testcase classname="com.DemoWebShop.Registration.RegistrationPage" name="enteringRegisteredEmail" time="4.094"/>
  <testcase classname="com.DemoWebShop.Registration.RegistrationPage" name="invalidFirstName" time="1.258"/>
  <testcase classname="com.DemoWebShop.Registration.RegistrationPage" name="invalidLastName" time="1.022"/>
  <testcase classname="com.DemoWebShop.Registration.RegistrationPage" name="invalidPasswordFormat" time="1.02"/>
  <testcase classname="com.DemoWebShop.Registration.RegistrationPage" name="allValidEntry" time="1.066"/>
</testsuite> <!-- Default test -->
