<?xml version="1.0" encoding="UTF-8"?>
<testng-results ignored="0" total="10" passed="10" failed="0" skipped="0">
  <reporter-output>
  </reporter-output>
  <suite started-at="2025-08-31T14:09:52 IST" name="Default suite" finished-at="2025-08-31T14:13:15 IST" duration-ms="203886">
    <groups>
    </groups>
    <test started-at="2025-08-31T14:09:52 IST" name="Default test" finished-at="2025-08-31T14:13:15 IST" duration-ms="203886">
      <class name="com.DemoWebShop.Cart.CartTest">
        <test-method is-config="true" signature="setup(java.lang.String)[pri:0, instance:com.DemoWebShop.Cart.CartTest@ba2f4ec]" started-at="2025-08-31T14:09:52 IST" name="setup" finished-at="2025-08-31T14:10:32 IST" duration-ms="40284" status="PASS">
          <params>
            <param index="0">
              <value>
                <![CDATA[https://demowebshop.tricentis.com/]]>
              </value>
            </param>
          </params>
          <reporter-output>
          </reporter-output>
        </test-method> <!-- setup -->
        <test-method signature="confirmMessage()[pri:1, instance:com.DemoWebShop.Cart.CartTest@ba2f4ec]" started-at="2025-08-31T14:10:32 IST" name="confirmMessage" finished-at="2025-08-31T14:10:38 IST" duration-ms="5670" status="PASS">
          <reporter-output>
          </reporter-output>
        </test-method> <!-- confirmMessage -->
        <test-method signature="productConfirmationInCartAddFromMainWindow()[pri:2, instance:com.DemoWebShop.Cart.CartTest@ba2f4ec]" started-at="2025-08-31T14:10:38 IST" name="productConfirmationInCartAddFromMainWindow" finished-at="2025-08-31T14:10:44 IST" duration-ms="6622" status="PASS">
          <reporter-output>
          </reporter-output>
        </test-method> <!-- productConfirmationInCartAddFromMainWindow -->
        <test-method signature="productConfirmationInCartAddFromEachProductWindow()[pri:3, instance:com.DemoWebShop.Cart.CartTest@ba2f4ec]" started-at="2025-08-31T14:10:44 IST" name="productConfirmationInCartAddFromEachProductWindow" finished-at="2025-08-31T14:11:07 IST" duration-ms="23083" status="PASS">
          <reporter-output>
          </reporter-output>
        </test-method> <!-- productConfirmationInCartAddFromEachProductWindow -->
        <test-method signature="inCartQuantityValueChange()[pri:4, instance:com.DemoWebShop.Cart.CartTest@ba2f4ec]" started-at="2025-08-31T14:11:07 IST" name="inCartQuantityValueChange" finished-at="2025-08-31T14:11:34 IST" duration-ms="26381" status="PASS">
          <reporter-output>
          </reporter-output>
        </test-method> <!-- inCartQuantityValueChange -->
        <test-method signature="couponFieldLeftBlank()[pri:5, instance:com.DemoWebShop.Cart.CartTest@ba2f4ec]" started-at="2025-08-31T14:11:34 IST" name="couponFieldLeftBlank" finished-at="2025-08-31T14:11:40 IST" duration-ms="6838" status="PASS">
          <reporter-output>
          </reporter-output>
        </test-method> <!-- couponFieldLeftBlank -->
        <test-method signature="invalidcouponField()[pri:6, instance:com.DemoWebShop.Cart.CartTest@ba2f4ec]" started-at="2025-08-31T14:11:40 IST" name="invalidcouponField" finished-at="2025-08-31T14:12:04 IST" duration-ms="23356" status="PASS">
          <reporter-output>
          </reporter-output>
        </test-method> <!-- invalidcouponField -->
        <test-method signature="giftCardFieldBlank()[pri:7, instance:com.DemoWebShop.Cart.CartTest@ba2f4ec]" started-at="2025-08-31T14:12:04 IST" name="giftCardFieldBlank" finished-at="2025-08-31T14:12:10 IST" duration-ms="6572" status="PASS">
          <reporter-output>
          </reporter-output>
        </test-method> <!-- giftCardFieldBlank -->
        <test-method signature="invalidGiftCardField()[pri:8, instance:com.DemoWebShop.Cart.CartTest@ba2f4ec]" started-at="2025-08-31T14:12:10 IST" name="invalidGiftCardField" finished-at="2025-08-31T14:12:35 IST" duration-ms="24383" status="PASS">
          <reporter-output>
          </reporter-output>
        </test-method> <!-- invalidGiftCardField -->
        <test-method signature="subTotalCheck()[pri:9, instance:com.DemoWebShop.Cart.CartTest@ba2f4ec]" started-at="2025-08-31T14:12:35 IST" name="subTotalCheck" finished-at="2025-08-31T14:12:57 IST" duration-ms="22306" status="PASS">
          <reporter-output>
          </reporter-output>
        </test-method> <!-- subTotalCheck -->
        <test-method signature="checkTermOfService()[pri:10, instance:com.DemoWebShop.Cart.CartTest@ba2f4ec]" started-at="2025-08-31T14:12:57 IST" name="checkTermOfService" finished-at="2025-08-31T14:13:03 IST" duration-ms="6192" status="PASS">
          <reporter-output>
          </reporter-output>
        </test-method> <!-- checkTermOfService -->
        <test-method is-config="true" signature="clear()[pri:0, instance:com.DemoWebShop.Cart.CartTest@ba2f4ec]" started-at="2025-08-31T14:13:03 IST" name="clear" finished-at="2025-08-31T14:13:15 IST" duration-ms="12143" status="PASS">
          <reporter-output>
          </reporter-output>
        </test-method> <!-- clear -->
      </class> <!-- com.DemoWebShop.Cart.CartTest -->
    </test> <!-- Default test -->
  </suite> <!-- Default suite -->
</testng-results>
