<?xml version="1.0" encoding="UTF-8"?>
<testng-results ignored="0" total="10" passed="10" failed="0" skipped="0">
  <reporter-output>
  </reporter-output>
  <suite started-at="2025-08-22T20:06:50 IST" name="Default suite" finished-at="2025-08-22T20:10:44 IST" duration-ms="234023">
    <groups>
    </groups>
    <test started-at="2025-08-22T20:06:50 IST" name="Default test" finished-at="2025-08-22T20:10:44 IST" duration-ms="234023">
      <class name="com.DemoWebShop.Cart.CartTest">
        <test-method is-config="true" signature="setup(java.lang.String)[pri:0, instance:com.DemoWebShop.Cart.CartTest@55fe41ea]" started-at="2025-08-22T20:06:50 IST" name="setup" finished-at="2025-08-22T20:07:15 IST" duration-ms="24757" status="PASS">
          <params>
            <param index="0">
              <value>
                <![CDATA[https://demowebshop.tricentis.com/]]>
              </value>
            </param>
          </params>
          <reporter-output>
          </reporter-output>
        </test-method> <!-- setup -->
        <test-method signature="confirmMessage()[pri:1, instance:com.DemoWebShop.Cart.CartTest@55fe41ea]" started-at="2025-08-22T20:07:15 IST" name="confirmMessage" finished-at="2025-08-22T20:07:20 IST" duration-ms="5333" status="PASS">
          <reporter-output>
          </reporter-output>
        </test-method> <!-- confirmMessage -->
        <test-method signature="productConfirmationInCartAddFromMainWindow()[pri:2, instance:com.DemoWebShop.Cart.CartTest@55fe41ea]" started-at="2025-08-22T20:07:20 IST" name="productConfirmationInCartAddFromMainWindow" finished-at="2025-08-22T20:07:27 IST" duration-ms="6961" status="PASS">
          <reporter-output>
          </reporter-output>
        </test-method> <!-- productConfirmationInCartAddFromMainWindow -->
        <test-method signature="productConfirmationInCartAddFromEachProductWindow()[pri:3, instance:com.DemoWebShop.Cart.CartTest@55fe41ea]" started-at="2025-08-22T20:07:27 IST" name="productConfirmationInCartAddFromEachProductWindow" finished-at="2025-08-22T20:07:54 IST" duration-ms="26925" status="PASS">
          <reporter-output>
          </reporter-output>
        </test-method> <!-- productConfirmationInCartAddFromEachProductWindow -->
        <test-method signature="inCartQuantityValueChange()[pri:4, instance:com.DemoWebShop.Cart.CartTest@55fe41ea]" started-at="2025-08-22T20:07:54 IST" name="inCartQuantityValueChange" finished-at="2025-08-22T20:08:19 IST" duration-ms="24888" status="PASS">
          <reporter-output>
          </reporter-output>
        </test-method> <!-- inCartQuantityValueChange -->
        <test-method signature="couponFieldLeftBlank()[pri:5, instance:com.DemoWebShop.Cart.CartTest@55fe41ea]" started-at="2025-08-22T20:08:19 IST" name="couponFieldLeftBlank" finished-at="2025-08-22T20:08:29 IST" duration-ms="10316" status="PASS">
          <reporter-output>
          </reporter-output>
        </test-method> <!-- couponFieldLeftBlank -->
        <test-method signature="invalidcouponField()[pri:6, instance:com.DemoWebShop.Cart.CartTest@55fe41ea]" started-at="2025-08-22T20:08:29 IST" name="invalidcouponField" finished-at="2025-08-22T20:08:55 IST" duration-ms="25441" status="PASS">
          <reporter-output>
          </reporter-output>
        </test-method> <!-- invalidcouponField -->
        <test-method signature="giftCardFieldBlank()[pri:7, instance:com.DemoWebShop.Cart.CartTest@55fe41ea]" started-at="2025-08-22T20:08:55 IST" name="giftCardFieldBlank" finished-at="2025-08-22T20:09:10 IST" duration-ms="15274" status="PASS">
          <reporter-output>
          </reporter-output>
        </test-method> <!-- giftCardFieldBlank -->
        <test-method signature="invalidGiftCardField()[pri:8, instance:com.DemoWebShop.Cart.CartTest@55fe41ea]" started-at="2025-08-22T20:09:10 IST" name="invalidGiftCardField" finished-at="2025-08-22T20:09:43 IST" duration-ms="33527" status="PASS">
          <reporter-output>
          </reporter-output>
        </test-method> <!-- invalidGiftCardField -->
        <test-method signature="subTotalCheck()[pri:9, instance:com.DemoWebShop.Cart.CartTest@55fe41ea]" started-at="2025-08-22T20:09:43 IST" name="subTotalCheck" finished-at="2025-08-22T20:10:25 IST" duration-ms="41286" status="PASS">
          <reporter-output>
          </reporter-output>
        </test-method> <!-- subTotalCheck -->
        <test-method signature="checkTermOfService()[pri:10, instance:com.DemoWebShop.Cart.CartTest@55fe41ea]" started-at="2025-08-22T20:10:25 IST" name="checkTermOfService" finished-at="2025-08-22T20:10:32 IST" duration-ms="7153" status="PASS">
          <reporter-output>
          </reporter-output>
        </test-method> <!-- checkTermOfService -->
        <test-method is-config="true" signature="clear()[pri:0, instance:com.DemoWebShop.Cart.CartTest@55fe41ea]" started-at="2025-08-22T20:10:32 IST" name="clear" finished-at="2025-08-22T20:10:44 IST" duration-ms="12091" status="PASS">
          <reporter-output>
          </reporter-output>
        </test-method> <!-- clear -->
      </class> <!-- com.DemoWebShop.Cart.CartTest -->
    </test> <!-- Default test -->
  </suite> <!-- Default suite -->
</testng-results>
